C51 COMPILER V7.06   MAIN                                                                  08/13/2010 10:00:45 PAGE 1   


C51 COMPILER V7.06, COMPILATION OF MODULE MAIN
OBJECT MODULE PLACED IN Main.OBJ
COMPILER INVOKED BY: d:\Keil\C51\BIN\C51.EXE Main.c BROWSE DEBUG OBJECTEXTEND

stmt level    source

   1          //-----------------------------------------------------------------------------
   2          //CAN BUS Module Program
   3          //Sinocomopto Technology        
   4          //Edit by: Roben Luo
   5          //Data:2009-08-20                                                       
   6          //-----------------------------------------------------------------------------
   7          
   8          //-----------------------------------------------------------------------------
   9          // Includes
  10          //-----------------------------------------------------------------------------
  11          #include "compiler_defs.h"
  12          #include "C8051F500_defs.h"            // SFR declarations
  13          #include "Mcu_Init.h"
  14          #include "Parameter_defs.h"
  15          #include "main.h"
  16          #include "Interrupt_ISR.h"
  17          #include "MyFlash.h"
  18          #include "Function_defs.h"
  19          #include "math.h"
  20          #include "Precision_Calibration.h"
  21          #include <stdio.h>
  22          
  23          //-----------------------------------------------------------------------------
  24          // Function Prototypes
  25          //-----------------------------------------------------------------------------
  26          INTERRUPT_PROTO (TIMER2_ISR, INTERRUPT_TIMER2);
  27          
  28          
  29          //-----------------------------------------------------------------------------
  30          // MAIN Routine
  31          //-----------------------------------------------------------------------------
  32          
  33          
  34          void main (void)
  35          { 
  36   1      
  37   1      
  38   1         SFRPAGE = ACTIVE_PAGE;              // Set for PCA0MD
  39   1      
  40   1         PCA0MD &= ~0x40;                    // Disable Watchdog Timer
  41   1      
  42   1         OSCILLATOR_Init ();                 // Initialize oscillator
  43   1         PORT_Init ();                       // Initialize crossbar and GPIO
  44   1      //   UART0_Init();
  45   1      
  46   1      //      ADC0_Init ();
  47   1      
  48   1      
  49   1      //   EIE2 |= 0x02;                       // Enable CAN interupts
  50   1      //   EIP2 |= 0x02;
  51   1         EA = 1;                             // Enable global interrupts
  52   1      
  53   1      
  54   1              Delay(MIDDLE);
  55   1              I2C_Start();
C51 COMPILER V7.06   MAIN                                                                  08/13/2010 10:00:45 PAGE 2   

  56   1              WriteI2Cbyte(0x20);
  57   1              I2C_WaitACK();
  58   1              WriteI2Cbyte(0x70);
  59   1              I2C_WaitACK();
  60   1              I2C_Stop();
  61   1              Delay(MIDDLE);
  62   1              while(1)
  63   1              {
  64   2      
  65   2              //      I2C_Start();
  66   2                      WriteI2Cbyte(0xFF);
  67   2              /*      I2C_WaitACK();
  68   2                      WriteI2Cbyte(0x80);
  69   2                      I2C_WaitACK();
  70   2                      I2C_Stop();*/
  71   2      
  72   2              /*      Delay(LONG);
  73   2                      WriteI2Cbyte(0x21);
  74   2                      I2C_WaitACK();
  75   2                      tempr[0] = ReadI2Cbyte();
  76   2                      I2C_SDA = 0;
  77   2                      Delay(SHORT);
  78   2                      I2C_SCL = 0;
  79   2                      Delay(SHORT);
  80   2                      I2C_SCL = 1;
  81   2                      Delay(SHORT);
  82   2                      tempr[1] = ReadI2Cbyte();
  83   2                      I2C_SDA = 1;
  84   2                      Delay(SHORT);
  85   2                      I2C_SCL = 1;
  86   2                      Delay(SHORT);
  87   2                      I2C_SCL = 0;
  88   2                      Delay(SHORT);
  89   2                      I2C_Stop();
  90   2                      
  91   2                      yr= ((U16)(tempr[0]<<8))|tempr[1];
  92   2                      printf("yr=%d\n",yr);
  93   2                      Delay(LONG);
  94   2                      Delay(LONG);
  95   2                      for(i=0;i<10000;i++);*/
  96   2      /*              I2C_SDA_IN();
  97   2                      dd = 0;
  98   2                      printf("dd=%d\n",(U16)dd);*/
  99   2      //              for(i=0;i<50000;i++);
 100   2              
 101   2              }
 102   1      }
 103          //-----------------------------------------------------------------------------
 104          // End Of File
 105          //-----------------------------------------------------------------------------
 106          


MODULE INFORMATION:   STATIC OVERLAYABLE
   CODE SIZE        =     53    ----
   CONSTANT SIZE    =   ----    ----
   XDATA SIZE       =   1337    ----
   PDATA SIZE       =   ----    ----
   DATA SIZE        =   ----    ----
   IDATA SIZE       =   ----    ----
   BIT SIZE         =      1    ----
END OF MODULE INFORMATION.

C51 COMPILER V7.06   MAIN                                                                  08/13/2010 10:00:45 PAGE 3   


C51 COMPILATION COMPLETE.  0 WARNING(S),  0 ERROR(S)
