C51 COMPILER V7.06   MYFLASH                                                               08/13/2010 10:00:45 PAGE 1   


C51 COMPILER V7.06, COMPILATION OF MODULE MYFLASH
OBJECT MODULE PLACED IN MyFlash.OBJ
COMPILER INVOKED BY: d:\Keil\C51\BIN\C51.EXE MyFlash.c BROWSE DEBUG OBJECTEXTEND

stmt level    source

   1          //-----------------------------------------------------------------------------
   2          // Includes
   3          //-----------------------------------------------------------------------------
   4          
   5          #include <compiler_defs.h>
   6          #include <c8051F500_defs.h>
   7          #include "MyFlash.h"
   8          
   9          //-----------------------------------------------------------------------------
  10          // Function Prototypes
  11          //-----------------------------------------------------------------------------
  12          
  13          void  FLASH_ByteWrite (FLADDR addr, U8 byte);
  14          U8    FLASH_ByteRead  (FLADDR addr);
  15          void  FLASH_PageErase (FLADDR addr);
  16          
  17          //-----------------------------------------------------------------------------
  18          // FLASH_ByteWrite
  19          //-----------------------------------------------------------------------------
  20          
  21          void FLASH_ByteWrite (FLADDR addr, U8 byte)
  22          {
  23   1         bit EA_SAVE = EA;                   // Preserve EA
  24   1         U8 xdata * data pwrite;             // FLASH write pointer
  25   1      
  26   1         U8 SFRPAGE_save = SFRPAGE;
  27   1         SFRPAGE = ACTIVE_PAGE;
  28   1      
  29   1         EA = 0;                             // Disable interrupts
  30   1      
  31   1         VDM0CN = 0xA0;                      // Enable VDD monitor and high threshold
  32   1      
  33   1         RSTSRC = 0x02;                      // Enable VDD monitor as a reset source
  34   1      
  35   1         pwrite = (U8 xdata *) addr;
  36   1      
  37   1         FLKEY  = 0xA5;                      // Key Sequence 1
  38   1         FLKEY  = 0xF1;                      // Key Sequence 2
  39   1         PSCTL |= 0x01;                      // PSWE = 1 which enables writes
  40   1      
  41   1         VDM0CN = 0xA0;                      // Enable VDD monitor and high threshold
  42   1      
  43   1         RSTSRC = 0x02;                      // Enable VDD monitor as a reset source
  44   1      
  45   1         *pwrite = byte;                     // Write the byte
  46   1      
  47   1         PSCTL &= ~0x01;                     // PSWE = 0 which disable writes
  48   1      
  49   1         EA = EA_SAVE;                       // Restore interrupts
  50   1      
  51   1         SFRPAGE = SFRPAGE_save;
  52   1      }
  53          
  54          //-----------------------------------------------------------------------------
  55          // FLASH_ByteRead
C51 COMPILER V7.06   MYFLASH                                                               08/13/2010 10:00:45 PAGE 2   

  56          //-----------------------------------------------------------------------------
  57          
  58          U8 FLASH_ByteRead (FLADDR addr)
  59          {
  60   1         bit EA_SAVE = EA;                   // Preserve EA
  61   1         U8 code * data pread;               // FLASH read pointer
  62   1         U8 byte;
  63   1      
  64   1         EA = 0;                             // Disable interrupts
  65   1      
  66   1         pread = (U8 code *) addr;
  67   1      
  68   1         byte = *pread;                      // Read the byte
  69   1      
  70   1         EA = EA_SAVE;                       // Restore interrupts
  71   1      
  72   1         return byte;
  73   1      }
  74          
  75          //-----------------------------------------------------------------------------
  76          // FLASH_PageErase
  77          //-----------------------------------------------------------------------------
  78          
  79          void FLASH_PageErase (FLADDR addr)
  80          {
  81   1         bit EA_SAVE = EA;                   // Preserve EA
  82   1         U8 xdata * data pwrite;             // FLASH write pointer
  83   1      
  84   1         U8 SFRPAGE_save = SFRPAGE;
  85   1         SFRPAGE = ACTIVE_PAGE;
  86   1      
  87   1         EA = 0;                             // Disable interrupts
  88   1      
  89   1         VDM0CN = 0xA0;                      // Enable VDD monitor and high threshold
  90   1      
  91   1         RSTSRC = 0x02;                      // Enable VDD monitor as a reset source
  92   1      
  93   1         pwrite = (U8 xdata *) addr;
  94   1      
  95   1         FLKEY  = 0xA5;                      // Key Sequence 1
  96   1         FLKEY  = 0xF1;                      // Key Sequence 2
  97   1         PSCTL |= 0x03;                      // PSWE = 1; PSEE = 1
  98   1      
  99   1         VDM0CN = 0xA0;                      // Enable VDD monitor and high threshold
 100   1      
 101   1         RSTSRC = 0x02;                      // Enable VDD monitor as a reset source
 102   1      
 103   1         *pwrite = 0;                        // Initiate page erase
 104   1      
 105   1         PSCTL &= ~0x03;                     // PSWE = 0; PSEE = 0
 106   1      
 107   1         EA = EA_SAVE;                       // Restore interrupts
 108   1      
 109   1         SFRPAGE = SFRPAGE_save;
 110   1      }
 111          
 112          //-----------------------------------------------------------------------------
 113          // End Of File
 114          //-----------------------------------------------------------------------------


MODULE INFORMATION:   STATIC OVERLAYABLE
C51 COMPILER V7.06   MYFLASH                                                               08/13/2010 10:00:45 PAGE 3   

   CODE SIZE        =    113    ----
   CONSTANT SIZE    =   ----    ----
   XDATA SIZE       =   ----    ----
   PDATA SIZE       =   ----    ----
   DATA SIZE        =   ----    ----
   IDATA SIZE       =   ----    ----
   BIT SIZE         =   ----       3
END OF MODULE INFORMATION.


C51 COMPILATION COMPLETE.  0 WARNING(S),  0 ERROR(S)
