C51 COMPILER V9.01   AD7176                                                                04/13/2018 11:56:15 PAGE 1   


C51 COMPILER V9.01, COMPILATION OF MODULE AD7176
OBJECT MODULE PLACED IN .\obj\AD7176.obj
COMPILER INVOKED BY: C:\Keil\C51\BIN\C51.EXE src\AD7176.c OPTIMIZE(SIZE) BROWSE INCDIR(.\inc) DEBUG OBJECTEXTEND PRINT(.
                    -\list\AD7176.lst) OBJECT(.\obj\AD7176.obj)

line level    source

   1          
   2          #define  __AD7176_C__
   3          #include "_Include.h"
   4          
   5          volatile int32u xdata sample;
   6          
   7          int16u xdata WordLen;
   8          int16u xdata WrRegVal;
   9          
  10          Sam_AD xdata q1;
  11          Sam_AD xdata q2;
  12          
  13          void Init_Samad(void)
  14          {       
  15   1              q1.sum = q1.cnt = 0;
  16   1              q2.sum = q2.cnt = 0;
  17   1      }
  18          
  19          
  20          //***********************************************************************/
  21          // *功    能：获取X轴ADC值        
  22          // *入    口：
  23          // *出    口：X轴ADC值（窗口滤波后）
  24          // *备    注：
  25          // *函数性质：
  26          //***********************************************************************/
  27          int32u Adc_GetXVal(void)
  28          {
  29   1          return  (x_axis_adc.ftval);
  30   1      }
  31          //***********************************************************************/
  32          // *功    能：获取Y轴ADC值
  33          // *入    口：
  34          // *出    口：Y轴ADC值（窗口滤波后）
  35          // *备    注：
  36          // *函数性质：
  37          //***********************************************************************/
  38          int32u Adc_GetYVal(void)
  39          {
  40   1          return  (y_axis_adc.ftval);
  41   1      }
  42          
  43          
  44          //***********************************************************************/
  45          // *功    能：复位AD7176-2
  46          // *入    口：
  47          // *出    口：
  48          // *备    注：
  49          // *函数性质：
  50          //***********************************************************************/
  51          void AD7176_Reset(void)
  52          {
  53   1              int8u xdata Regarr[] ={0xFF,0xFF,0xFF,0xFF,0xFF,0xFF,0xFF,0xFF};
  54   1              NSSMD0 = 0;                             //the value of NSS is controlled by SPI0CN.2
C51 COMPILER V9.01   AD7176                                                                04/13/2018 11:56:15 PAGE 2   

  55   1              SPI_Write(Regarr,8);
  56   1              NSSMD0 = 0;
  57   1      }
  58          
  59          
  60          //***********************************************************************/
  61          // *功    能：初始化AD7176-2，写入寄存器缺省值
  62          // *入    口：
  63          // *出    口：
  64          // *备    注：
  65          // *函数性质：
  66          //***********************************************************************/
  67          void AD7176_Init(void)
  68          {
  69   1              
  70   1              AD7176_Reset();
  71   1              /* Allow at least 500 us before accessing any of the on-chip registers. */
  72   1          delay500us();
  73   1                      
  74   1              AD7176_OffsetConfig (REG_OFFSET0, 0x7FFF86);     //0x30
  75   1              
  76   1      //      AD7176_INTModeConfig (ALTSYNC_DIS, IOSTRENGTH_DIS, DOUT_RESET_DIS, CONTREAD_EN, DATA_STAT_EN, REG_CHECK
             -_DIS, CRC_DIS, WL24);   //0x02--0x0040
  77   1              AD7176_ADCModeConfig(REF_EN, SING_CYC_DIS, DELAY_0US, MODE_CONT_CONV, CLOCKSEL_INTOS);   //0x01--0x8000
  78   1              AD7176_GainConfig (REG_GAIN0, 0x5556A0);                //0x38
  79   1      
  80   1      
  81   1              AD7176_ChannelConfig (REG_CHMAP0, CH_EN, SETUP0_SEL, AINPOS_AIN0, AINNEG_AIN1);    //0x10--0x8001
  82   1              AD7176_ChannelConfig (REG_CHMAP1, CH_EN, SETUP0_SEL, AINPOS_AIN2, AINNEG_AIN3);    //0x11--0x8043
  83   1              AD7176_SetUpConfig (REG_SETUPCON0, BI_POLAR0, REF_SEL0_EXT);                            //0x20--0x1000
  84   1              AD7176_FilterConfig (REG_FILTCON0, SINC3MAP0_DIS, ENHFILT0_EN, ENFILT0_27SPS, ORDER0_SINC5_SINC1, ODR0_62
             -500SPS);   //0x28--0x0A00
  85   1              AD7176_INTModeConfig (ALTSYNC_DIS, IOSTRENGTH_DIS, DOUT_RESET_DIS, CONTREAD_EN, DATA_STAT_EN, REG_CHECK_D
             -IS, CRC_DIS, WL24);     //0x02--0x0040
  86   1      
  87   1      
  88   1              AdcEntityInit();
  89   1      
  90   1              Init_Samad();
  91   1              
  92   1      }
  93          
  94          void AD7176_WrRegVal(int8u RegAdd, int32u RegVal, int8u NumOfBytes)
  95          {
  96   1              int8u  mid_arr[5]={0};                                                                             
  97   1              int8u  i;
  98   1              int32u temp;
  99   1      
 100   1              mid_arr[0] = RegAdd;
 101   1              
 102   1              NSSMD0 = 0;                             //Activate Slave Select
 103   1              SPI_Write(mid_arr,1);   //Write at communication Register
 104   1      
 105   1              
 106   1              temp=RegVal;                                    
 107   1              for(i=1;i<=NumOfBytes;i++)
 108   1              {
 109   2                      mid_arr[i]=(int8u)(temp>>(8*(NumOfBytes-i)));
 110   2              }
 111   1              SPI_Write(&mid_arr[1],NumOfBytes);
 112   1              
 113   1      
C51 COMPILER V9.01   AD7176                                                                04/13/2018 11:56:15 PAGE 3   

 114   1          NSSMD0 = 0;
 115   1      //      NSSMD0 = 1;                     //Deactivate Slave Select
 116   1      }
 117          
 118          void AD7176_ADCModeConfig(int16u RefEn,int16u SingCycEn,int16u Delay, int16u OpMode,int16u ClockSel)
 119          {
 120   1              WrRegVal = RefEn + SingCycEn + Delay + OpMode + ClockSel;
 121   1              AD7176_WrRegVal(REG_ADCMODE,WrRegVal,2);
 122   1      }
 123          
 124          void AD7176_INTModeConfig(int16u AltSyncEn, int16u IostrengthEn,int16u DoutReset, 
 125                                                                                                   int16u ContReadEn, int16u DataStat, int16u RegCheckEn,
 126                                                                                                   int16u CrcEn,int16u WordLen)
 127          {
 128   1              WrRegVal = AltSyncEn + IostrengthEn + DoutReset + ContReadEn + DataStat + RegCheckEn + CrcEn + WordLen;
 129   1              
 130   1              WordLen=WL16;   //
 131   1              AD7176_WrRegVal(REG_IFMODE,WrRegVal,2);
 132   1      }
 133          
 134          void AD7176_ChannelConfig(int8u RegChanSel,int16u ChanEn,int16u SetupSelNumber, int16u AinPos, int16u AinN
             -eg)
 135          {
 136   1              WrRegVal = ChanEn|SetupSelNumber|AinPos|AinNeg;
 137   1              AD7176_WrRegVal (RegChanSel, WrRegVal, 2);
 138   1                      
 139   1      }
 140          
 141          void AD7176_SetUpConfig(int8u RegSetupConfigNumber, int16u BiUniPolar, int16u RefSel)
 142          {
 143   1              WrRegVal = BiUniPolar + RefSel;
 144   1              AD7176_WrRegVal(RegSetupConfigNumber, WrRegVal, 2);
 145   1      }
 146          
 147          void AD7176_FilterConfig(int8u RefFilConfigNumber,int16u Sinc3Map, int16u EnFiltEn, int16u EnFilSel,int16u
             - Order, int16u outputdatarate)
 148          {
 149   1              WrRegVal = Sinc3Map + EnFiltEn + EnFilSel + Order + outputdatarate;
 150   1              AD7176_WrRegVal(RefFilConfigNumber, WrRegVal, 2);
 151   1      }
 152          
 153          void AD7176_OffsetConfig(int8u RegOffsetSel,int32u OffestVal)
 154          {
 155   1              AD7176_WrRegVal(RegOffsetSel, OffestVal, 3);
 156   1      }
 157          
 158          void AD7176_GainConfig(int8u RegGainSel,int32u GainVal)
 159          {
 160   1              AD7176_WrRegVal(RegGainSel, GainVal, 3);
 161   1      }
 162          
 163          
 164          //Used to read Data from any registers. Requires Register Address and Expected number of Bytes
 165          
 166          //void AD7176_RdRegData(int8u RegAdd,int8u NumOfBytes)
 167          //{
 168          //      
 169          //      NSSMD0 = 0;                                                     //Activate slave select
 170          //      AD_Data[0] = RegAdd|0x40;
 171          //      SPI_Write_INT(AD_Data,1);                               //Write at communication register.
 172          //
 173          //      SPI_Read(&AD_Data[1],NumOfBytes);
C51 COMPILER V9.01   AD7176                                                                04/13/2018 11:56:15 PAGE 4   

 174          //      #if AD_DEBUG
 175          //      Debug_Displayad(RegAdd,NumOfBytes);
 176          //      #endif
 177          //
 178          //      sample = AD_Data[1] << 1;
 179          //      sample = (sample << 9)|(AD_Data[2]<<2)|(AD_Data[3]>>6);                   //18位        
 180          //
 181          //      state = 1;
 182          //      NSSMD0 = 0;     
 183          //}
 184          
 185          //#if 0
 186          //int32u Get_XSample()
 187          //{
 188          //      if((AD_Data[4]&0x03)==0)
 189          //      return  sample;
 190          //      else
 191          //      return 0;
 192          //}
 193          //
 194          //int32u Get_YSample()
 195          //{
 196          //      if((AD_Data[4]&0x03)==1)
 197          //      return  sample;
 198          //      else
 199          //      return 0;
 200          //}
 201          //#endif
 202          
 203          //***********************************************************************/
 204          // *功    能：ADC值滤波
 205          // *入    口：p_adc,ADC结构体指针（X,Y,Temp);val,新值
 206          // *出    口：
 207          // *备    注：为了提高响应速度，进行限幅滤波   ADC值底层滤波供X/Y/T的函数调用
 208          // *函数性质：
 209          //***********************************************************************/
 210          void AdcFilter (struct adc_entity *p_adc, int32u val)
 211          {
 212   1          if(ValInRange(p_adc->ftval,val,(int32u)FILTER_NUM1))                     //限幅滤波
 213   1          {
 214   2              p_adc->ftval=SlideWinFilter (&(p_adc->arrpt),&(p_adc->arrcnt),
 215   2                                           p_adc->valarr,val,(int16u)FILTER_NUM); //窗口滤波
 216   2          }
 217   1          else //if(ValOutRange(p_adc->ftval,val,(int32u)FILTER_OUT))
 218   1          {
 219   2              p_adc->ftval=val;                                               //幅度变化大，直接使用当前值
 220   2              p_adc->arrcnt=0;                                                //重新写数组
 221   2          }
 222   1                                                                                                                                                          
 223   1      }
 224          
 225          int8u Adc_GetTemp(void)
 226          {
 227   1          return temp_adc.ftval;              //sensor temperature
 228   1      }
 229          
 230          void AdcEntityInit(void)
 231          {
 232   1          //---------X轴
 233   1          x_axis_adc.num=0;                 //ADC虚拟端口号
 234   1          x_axis_adc.arrpt=0;               //ADC缓存数组位置指针
 235   1          x_axis_adc.arrcnt=0;              //元素个数为0
C51 COMPILER V9.01   AD7176                                                                04/13/2018 11:56:15 PAGE 5   

 236   1          x_axis_adc.ftval=0;               //ADC滤波之后的值
 237   1          x_axis_adc.next=&y_axis_adc;      //ADC结构体链表初始化
 238   1          //---------Y轴
 239   1          y_axis_adc.num=1;
 240   1          y_axis_adc.arrpt=0;
 241   1          y_axis_adc.arrcnt=0;              //元素个数为0
 242   1          y_axis_adc.ftval=0;
 243   1          y_axis_adc.next=&temp_adc;
 244   1          //------------温度
 245   1          temp_adc.num=2;
 246   1          temp_adc.arrpt=0;
 247   1          temp_adc.arrcnt=0;                //元素个数为0
 248   1          temp_adc.ftval=0;
 249   1          temp_adc.next=(struct adc_entity *)0;  //链表结束
 250   1      }
 251          
 252          //***********************************************************************/
 253          void AD7176_InMainProc(void)
 254          {
 255   1              struct adc_entity *adc_ent;
 256   1              adc_ent=&x_axis_adc; 
 257   1                       
 258   1              if(state != 1) 
 259   1              return;
 260   1      
 261   1              Adc_Flag = AD_Data[4]&0x03;
 262   1              if(Adc_Flag==0)                         
 263   1              {
 264   2                      q1.sum+=sample;
 265   2                      while(++q1.cnt==SUM_CNT)
 266   2                      {
 267   3                              AdcFilter(adc_ent,q1.sum/SUM_CNT);
 268   3                              q1.sum=0;
 269   3                              q1.cnt=0;
 270   3                      }
 271   2              }
 272   1              else if(Adc_Flag==1)
 273   1              {
 274   2                      q2.sum+=sample;
 275   2                      while(++q2.cnt==SUM_CNT)
 276   2                      {
 277   3                              AdcFilter(adc_ent->next,q2.sum/SUM_CNT);
 278   3                              q2.sum=0;
 279   3                              q2.cnt=0;
 280   3                      }
 281   2              }
 282   1              else
 283   1                      return;
 284   1              
 285   1              state = 0;
 286   1              AdcEndTag = 1;
 287   1      }
 288          
 289          
 290          
 291          void AD7176_IntProc(void)
 292          {
 293   1      
 294   1              SPI_Read(&AD_Data[1],4);
 295   1      
 296   1              sample = AD_Data[1] << 1;
 297   1              sample = (sample << 9)|(AD_Data[2]<<2)|(AD_Data[3]>>6);
C51 COMPILER V9.01   AD7176                                                                04/13/2018 11:56:15 PAGE 6   

 298   1              state = 1;
 299   1      }
 300          
 301          
 302          //#if 0
 303          //int8u CrcPolynomial(int32u Data, int8u Command, int8u NoOfBytes)
 304          //{
 305          //      int32u remainder;   
 306          //    int32u polynomial=0x107;
 307          //      int32u polynomialShift;
 308          //      int32u AD7176Data;
 309          //      int32u dummyData = 0x80000000;
 310          //      
 311          //      int8u bit_num=31;
 312          //      int8u checksum;
 313          //      
 314          //      AD7176Data = Command;
 315          //      AD7176Data <<= 8*NoOfBytes;
 316          //      AD7176Data |=Data;
 317          //      
 318          //  remainder  = (AD7176Data & 0XFFFFFF00);
 319          //      
 320          //      while (remainder > 0xFF)
 321          //      {
 322          //              while ((remainder & dummyData) == 0)
 323          //              {
 324          //                      bit_num = bit_num - 1;
 325          //                      dummyData = dummyData >> 1;
 326          //              }
 327          //              polynomialShift = polynomial << (bit_num - 8);
 328          //              remainder ^= polynomialShift;
 329          //      }       
 330          //              checksum = remainder;
 331          //              
 332          //              return checksum;
 333          //}
 334          //
 335          //int8u CrcXor(int32u Data, int8u Command, int8u NoOfBytes)
 336          //{
 337          //      int8u Bytes = 0x00;
 338          //      int8u XorResult = 0X00;
 339          //      int8u SampleData = 0x00;
 340          //              XorResult = Command;
 341          //      for(Bytes = (NoOfBytes); Bytes > 1; Bytes--)
 342          //      {
 343          //              SampleData = (int8u)(Data>>(8*(Bytes-1)));
 344          //              XorResult = XorResult^SampleData;
 345          //      }
 346          //
 347          //      return XorResult;
 348          //}
 349          //#endif
 350          
 351          
 352          
 353          
 354          
 355          
 356          


MODULE INFORMATION:   STATIC OVERLAYABLE
C51 COMPILER V9.01   AD7176                                                                04/13/2018 11:56:15 PAGE 7   

   CODE SIZE        =   1311    ----
   CONSTANT SIZE    =     13    ----
   XDATA SIZE       =    485       8
   PDATA SIZE       =   ----    ----
   DATA SIZE        =   ----      81
   IDATA SIZE       =   ----    ----
   BIT SIZE         =   ----    ----
END OF MODULE INFORMATION.


C51 COMPILATION COMPLETE.  0 WARNING(S),  0 ERROR(S)
