C51 COMPILER V9.01   INIT                                                                  06/22/2018 17:24:15 PAGE 1   


C51 COMPILER V9.01, COMPILATION OF MODULE INIT
OBJECT MODULE PLACED IN .\obj\Init.obj
COMPILER INVOKED BY: C:\Keil\C51\BIN\C51.EXE src\Init.c OPTIMIZE(SIZE) BROWSE INCDIR(.\inc) DEBUG OBJECTEXTEND PRINT(.\l
                    -ist\Init.lst) OBJECT(.\obj\Init.obj)

line level    source

   1          /*--------------------------------文*件*信*息-----------------------------
   2          * 文件名：  Init.c
   3          * 版　本：  v1.0
   4          * 描  述：  100T双轴 整合后的版本
   5          * 创建人：   
   6          * 日  期：   
   7          --------------------------------------------------------------------------
   8          *当前版本:      v1.0
   9          *修 改 人:
  10          *日　  期:
  11          ----------------------------------修改履历--------------------------------
  12          1、
  13          2、
  14          3、
  15          4、
  16          ------------------------------------------------------------------------*/
  17          #define   __INIT_C__
  18          #include  "_Include.h"
  19          
  20          
  21          static void Sys_ClkInit (void)
  22          {       
  23   1              int8u SfrPage_ = SFRPAGE;
  24   1              SFRPAGE = CONFIG_PAGE;
  25   1              OSCICN = 0xD7;//0xD5;           //6M                                      
  26   1      
  27   1              CLKSEL = 0X00;                          //      选择内部振荡器作为系统时钟
  28   1              while((OSCICN & BIT4) == 0);//  等待时钟稳定
  29   1              VDM0CN = 0xA0;                          //      Enable VDD monitor and high threshold
  30   1              RSTSRC = 0x02;                          //      Enable VDD monitor as a reset source
  31   1      
  32   1              SFRPAGE = SfrPage_;
  33   1      }
  34          //***********************************************************************/
  35          // *功    能： 初始化I/O口操作
  36          // *入    口： 无
  37          // *出    口：无
  38          // *备    注：
  39          // *函数性质：
  40          //*说明：I/O口设置为模拟时，PXMIN相应位设置为0，I/O口设置为数字时，PXMIN相应为设置为1（默认状态为1）
  41          //*              I/O口设置为输出时，PXMDOUT相应位设置为1，I/O口为输入PXMDOUT相应位设置为0（默认状态为0）
  42          //*              I/O口设置为模拟，通用I/O口时以及特殊功能时PXSKIP相应为设置为1（默认状态为0）
  43          //***********************************************************************/
  44          void PortInit(void)
  45          {
  46   1              int8u SfrPage = SFRPAGE;
  47   1              SFRPAGE = CONFIG_PAGE;
  48   1              
  49   1              P0SKIP  |= 0x0F;        //skip P0.0 P0.1 p0.2 p0.3 
  50   1              P0MDIN  &= ~0x01;   //set P0.0 analog input(VREF)
  51   1              P0MDOUT |= 0x50;    //set P0.4 P0.6 push-pull
  52   1              P1MDOUT |= 0x2D;    //set P1.0 P1.2 P1.3 P1.5 push-pull
  53   1              P1SKIP  |= 0x10;        //skip P1.4
  54   1              P2MDOUT |= 0x00;    //open drain for IIC SDA线与
C51 COMPILER V9.01   INIT                                                                  06/22/2018 17:24:15 PAGE 2   

  55   1              XBR0 = 0x01;            //enable SMBUS,UART I/O
  56   1              //XBR1 = 0x02 ;         //SYSCLK output
  57   1              XBR2 = 0x40;            //enable crossbar
  58   1              P2 = 0xFF;
  59   1              SFRPAGE = SfrPage;
  60   1      }
  61          
  62          
  63          
  64          
  65          void Init_All (void)
  66          {
  67   1              PortInit();                     // Initialize Port I/O
  68   1              Sys_ClkInit();                  // Initialize Oscillator 
  69   1              Comm_HardwareInit();
  70   1              Comm_SoftwareInit();
  71   1              Timer2_Init();
  72   1      //      Timer3_Init();
  73   1      //      Init_SystemPara();
  74   1      //      SPI_init();
  75   1      //      CalibMtInit();
  76   1      //      AD7176_Init();
  77   1      //      TIMER1_Init();
  78   1      //      SMBUS0_Init();
  79   1      //      AngInit();
  80   1      //      Int0_Init();
  81   1      //      waiting=0;
  82   1      //      coun=0;
  83   1      }
  84          
  85          //***********************************************************************/


MODULE INFORMATION:   STATIC OVERLAYABLE
   CODE SIZE        =     72    ----
   CONSTANT SIZE    =   ----    ----
   XDATA SIZE       =   ----    ----
   PDATA SIZE       =   ----    ----
   DATA SIZE        =   ----    ----
   IDATA SIZE       =   ----    ----
   BIT SIZE         =   ----    ----
END OF MODULE INFORMATION.


C51 COMPILATION COMPLETE.  0 WARNING(S),  0 ERROR(S)
