C51 COMPILER V9.01   MAIN                                                                  06/22/2018 17:24:15 PAGE 1   


C51 COMPILER V9.01, COMPILATION OF MODULE MAIN
OBJECT MODULE PLACED IN .\obj\main.obj
COMPILER INVOKED BY: C:\Keil\C51\BIN\C51.EXE src\main.c OPTIMIZE(SIZE) BROWSE INCDIR(.\inc) DEBUG OBJECTEXTEND PRINT(.\l
                    -ist\main.lst) OBJECT(.\obj\main.obj)

line level    source

   1          
   2          #define   __MAIN_C__
   3          #include "_Include.h"
   4          
   5          void main (void)
   6          {
   7   1          SFRPAGE = ACTIVE_PAGE;              // Set for PCA0MD
   8   1          PCA0MD &= ~0x40;                    // WDTE = 0 (clear watchdog timer enable)
   9   1          Init_All();
  10   1              delay_ms(250);
  11   1      
  12   1              EA = 1;
  13   1              IIC_StorOrRestor_2(Add2_Slave,EEPROM2RDAC);
  14   1              IIC_StorOrRestor_2(Add3_Slave,EEPROM2RDAC);
  15   1              IIC_StorOrRestor_3(Add2_Slave,EEPROM2RDAC);
  16   1              IIC_StorOrRestor_3(Add3_Slave,EEPROM2RDAC);
  17   1      
  18   1      
  19   1               while(1)
  20   1              {
  21   2                      Send_TimeProc();
  22   2              }
  23   1              
  24   1      }
  25          //***********************************************************************/
  26                           


MODULE INFORMATION:   STATIC OVERLAYABLE
   CODE SIZE        =     51    ----
   CONSTANT SIZE    =   ----    ----
   XDATA SIZE       =      6    ----
   PDATA SIZE       =   ----    ----
   DATA SIZE        =   ----    ----
   IDATA SIZE       =   ----    ----
   BIT SIZE         =   ----    ----
END OF MODULE INFORMATION.


C51 COMPILATION COMPLETE.  0 WARNING(S),  0 ERROR(S)
